<?xml version="1.0" encoding="UTF-8"?>
<testng-results retried="2" ignored="2" total="10" passed="5" failed="1" skipped="0">
  <reporter-output>
  </reporter-output>
  <suite started-at="2025-01-02T23:05:45 IST" name="Suite" finished-at="2025-01-02T23:07:04 IST" duration-ms="78834">
    <groups>
      <group name="perchase">
        <method signature="submitOrderTest.SubmitOrder(java.util.HashMap)[pri:0, instance:Selenium.test.submitOrderTest@2a3888c1]" name="SubmitOrder" class="Selenium.test.submitOrderTest"/>
      </group> <!-- perchase -->
      <group name="errorValidation">
        <method signature="errorValidationTest.LoginErrorValidation()[pri:0, instance:Selenium.test.errorValidationTest@16c069df]" name="LoginErrorValidation" class="Selenium.test.errorValidationTest"/>
        <method signature="errorValidationTest.ProductErrorValidation()[pri:0, instance:Selenium.test.errorValidationTest@16c069df]" name="ProductErrorValidation" class="Selenium.test.errorValidationTest"/>
      </group> <!-- errorValidation -->
      <group name="smoke">
        <method signature="submitOrderTest.SubmitOrder(java.util.HashMap)[pri:0, instance:Selenium.test.submitOrderTest@2a3888c1]" name="SubmitOrder" class="Selenium.test.submitOrderTest"/>
      </group> <!-- smoke -->
    </groups>
    <test started-at="2025-01-02T23:05:45 IST" name="errorValidationTest" finished-at="2025-01-02T23:06:19 IST" duration-ms="33818">
      <class name="Selenium.test.errorValidationTest">
        <test-method is-config="true" signature="launchApplication()[pri:0, instance:Selenium.test.errorValidationTest@16c069df]" started-at="2025-01-02T23:05:45 IST" name="launchApplication" finished-at="2025-01-02T23:05:54 IST" duration-ms="8666" status="PASS">
          <reporter-output>
          </reporter-output>
        </test-method> <!-- launchApplication -->
        <test-method retried="true" signature="LoginErrorValidation()[pri:0, instance:Selenium.test.errorValidationTest@16c069df]" started-at="2025-01-02T23:05:54 IST" name="LoginErrorValidation" finished-at="2025-01-02T23:05:55 IST" duration-ms="754" status="SKIP">
          <exception class="java.lang.AssertionError">
            <message>
              <![CDATA[expected [Incorrect email or password.] but found [Incorrect email or password.tttttt]]]>
            </message>
            <full-stacktrace>
              <![CDATA[java.lang.AssertionError: expected [Incorrect email or password.] but found [Incorrect email or password.tttttt]
at org.testng.Assert.fail(Assert.java:111)
at org.testng.Assert.failNotEquals(Assert.java:1578)
at org.testng.Assert.assertEqualsImpl(Assert.java:150)
at org.testng.Assert.assertEquals(Assert.java:132)
at org.testng.Assert.assertEquals(Assert.java:656)
at org.testng.Assert.assertEquals(Assert.java:666)
at Selenium.test.errorValidationTest.LoginErrorValidation(errorValidationTest.java:24)
at java.base/jdk.internal.reflect.DirectMethodHandleAccessor.invoke(DirectMethodHandleAccessor.java:104)
at java.base/java.lang.reflect.Method.invoke(Method.java:578)
at org.testng.internal.invokers.MethodInvocationHelper.invokeMethod(MethodInvocationHelper.java:141)
at org.testng.internal.invokers.TestInvoker.invokeMethod(TestInvoker.java:686)
at org.testng.internal.invokers.TestInvoker.invokeTestMethod(TestInvoker.java:230)
at org.testng.internal.invokers.MethodRunner.runInSequence(MethodRunner.java:63)
at org.testng.internal.invokers.TestInvoker$MethodInvocationAgent.invoke(TestInvoker.java:992)
at org.testng.internal.invokers.TestInvoker.invokeTestMethods(TestInvoker.java:203)
at org.testng.internal.invokers.TestMethodWorker.invokeTestMethods(TestMethodWorker.java:154)
at org.testng.internal.invokers.TestMethodWorker.run(TestMethodWorker.java:134)
at java.base/java.util.ArrayList.forEach(ArrayList.java:1511)
at org.testng.TestRunner.privateRun(TestRunner.java:739)
at org.testng.TestRunner.run(TestRunner.java:614)
at org.testng.SuiteRunner.runTest(SuiteRunner.java:421)
at org.testng.SuiteRunner.runSequentially(SuiteRunner.java:413)
at org.testng.SuiteRunner.privateRun(SuiteRunner.java:373)
at org.testng.SuiteRunner.run(SuiteRunner.java:312)
at org.testng.SuiteRunnerWorker.runSuite(SuiteRunnerWorker.java:52)
at org.testng.SuiteRunnerWorker.run(SuiteRunnerWorker.java:95)
at org.testng.TestNG.runSuitesSequentially(TestNG.java:1274)
at org.testng.TestNG.runSuitesLocally(TestNG.java:1208)
at org.testng.TestNG.runSuites(TestNG.java:1112)
at org.testng.TestNG.run(TestNG.java:1079)
at org.testng.remote.AbstractRemoteTestNG.run(AbstractRemoteTestNG.java:115)
at org.testng.remote.RemoteTestNG.initAndRun(RemoteTestNG.java:293)
at org.testng.remote.RemoteTestNG.main(RemoteTestNG.java:91)
]]>
            </full-stacktrace>
          </exception> <!-- java.lang.AssertionError -->
          <reporter-output>
          </reporter-output>
        </test-method> <!-- LoginErrorValidation -->
        <test-method is-config="true" signature="tearDown()[pri:0, instance:Selenium.test.errorValidationTest@16c069df]" started-at="2025-01-02T23:05:55 IST" name="tearDown" finished-at="2025-01-02T23:05:55 IST" duration-ms="244" status="PASS">
          <reporter-output>
          </reporter-output>
        </test-method> <!-- tearDown -->
        <test-method is-config="true" signature="launchApplication()[pri:0, instance:Selenium.test.errorValidationTest@16c069df]" started-at="2025-01-02T23:05:55 IST" name="launchApplication" finished-at="2025-01-02T23:06:00 IST" duration-ms="4957" status="PASS">
          <reporter-output>
          </reporter-output>
        </test-method> <!-- launchApplication -->
        <test-method retried="true" signature="LoginErrorValidation()[pri:0, instance:Selenium.test.errorValidationTest@16c069df]" started-at="2025-01-02T23:06:00 IST" name="LoginErrorValidation" finished-at="2025-01-02T23:06:02 IST" duration-ms="1548" status="SKIP">
          <exception class="java.lang.AssertionError">
            <message>
              <![CDATA[expected [Incorrect email or password.] but found [Incorrect email or password.tttttt]]]>
            </message>
            <full-stacktrace>
              <![CDATA[java.lang.AssertionError: expected [Incorrect email or password.] but found [Incorrect email or password.tttttt]
at org.testng.Assert.fail(Assert.java:111)
at org.testng.Assert.failNotEquals(Assert.java:1578)
at org.testng.Assert.assertEqualsImpl(Assert.java:150)
at org.testng.Assert.assertEquals(Assert.java:132)
at org.testng.Assert.assertEquals(Assert.java:656)
at org.testng.Assert.assertEquals(Assert.java:666)
at Selenium.test.errorValidationTest.LoginErrorValidation(errorValidationTest.java:24)
at java.base/jdk.internal.reflect.DirectMethodHandleAccessor.invoke(DirectMethodHandleAccessor.java:104)
at java.base/java.lang.reflect.Method.invoke(Method.java:578)
at org.testng.internal.invokers.MethodInvocationHelper.invokeMethod(MethodInvocationHelper.java:141)
at org.testng.internal.invokers.TestInvoker.invokeMethod(TestInvoker.java:686)
at org.testng.internal.invokers.TestInvoker.retryFailed(TestInvoker.java:269)
at org.testng.internal.invokers.MethodRunner.runInSequence(MethodRunner.java:76)
at org.testng.internal.invokers.TestInvoker$MethodInvocationAgent.invoke(TestInvoker.java:992)
at org.testng.internal.invokers.TestInvoker.invokeTestMethods(TestInvoker.java:203)
at org.testng.internal.invokers.TestMethodWorker.invokeTestMethods(TestMethodWorker.java:154)
at org.testng.internal.invokers.TestMethodWorker.run(TestMethodWorker.java:134)
at java.base/java.util.ArrayList.forEach(ArrayList.java:1511)
at org.testng.TestRunner.privateRun(TestRunner.java:739)
at org.testng.TestRunner.run(TestRunner.java:614)
at org.testng.SuiteRunner.runTest(SuiteRunner.java:421)
at org.testng.SuiteRunner.runSequentially(SuiteRunner.java:413)
at org.testng.SuiteRunner.privateRun(SuiteRunner.java:373)
at org.testng.SuiteRunner.run(SuiteRunner.java:312)
at org.testng.SuiteRunnerWorker.runSuite(SuiteRunnerWorker.java:52)
at org.testng.SuiteRunnerWorker.run(SuiteRunnerWorker.java:95)
at org.testng.TestNG.runSuitesSequentially(TestNG.java:1274)
at org.testng.TestNG.runSuitesLocally(TestNG.java:1208)
at org.testng.TestNG.runSuites(TestNG.java:1112)
at org.testng.TestNG.run(TestNG.java:1079)
at org.testng.remote.AbstractRemoteTestNG.run(AbstractRemoteTestNG.java:115)
at org.testng.remote.RemoteTestNG.initAndRun(RemoteTestNG.java:293)
at org.testng.remote.RemoteTestNG.main(RemoteTestNG.java:91)
]]>
            </full-stacktrace>
          </exception> <!-- java.lang.AssertionError -->
          <reporter-output>
          </reporter-output>
        </test-method> <!-- LoginErrorValidation -->
        <test-method is-config="true" signature="tearDown()[pri:0, instance:Selenium.test.errorValidationTest@16c069df]" started-at="2025-01-02T23:06:02 IST" name="tearDown" finished-at="2025-01-02T23:06:02 IST" duration-ms="188" status="PASS">
          <reporter-output>
          </reporter-output>
        </test-method> <!-- tearDown -->
        <test-method is-config="true" signature="launchApplication()[pri:0, instance:Selenium.test.errorValidationTest@16c069df]" started-at="2025-01-02T23:06:02 IST" name="launchApplication" finished-at="2025-01-02T23:06:07 IST" duration-ms="4969" status="PASS">
          <reporter-output>
          </reporter-output>
        </test-method> <!-- launchApplication -->
        <test-method signature="LoginErrorValidation()[pri:0, instance:Selenium.test.errorValidationTest@16c069df]" started-at="2025-01-02T23:06:07 IST" name="LoginErrorValidation" finished-at="2025-01-02T23:06:08 IST" duration-ms="965" status="FAIL">
          <exception class="java.lang.AssertionError">
            <message>
              <![CDATA[expected [Incorrect email or password.] but found [Incorrect email or password.tttttt]]]>
            </message>
            <full-stacktrace>
              <![CDATA[java.lang.AssertionError: expected [Incorrect email or password.] but found [Incorrect email or password.tttttt]
at org.testng.Assert.fail(Assert.java:111)
at org.testng.Assert.failNotEquals(Assert.java:1578)
at org.testng.Assert.assertEqualsImpl(Assert.java:150)
at org.testng.Assert.assertEquals(Assert.java:132)
at org.testng.Assert.assertEquals(Assert.java:656)
at org.testng.Assert.assertEquals(Assert.java:666)
at Selenium.test.errorValidationTest.LoginErrorValidation(errorValidationTest.java:24)
at java.base/jdk.internal.reflect.DirectMethodHandleAccessor.invoke(DirectMethodHandleAccessor.java:104)
at java.base/java.lang.reflect.Method.invoke(Method.java:578)
at org.testng.internal.invokers.MethodInvocationHelper.invokeMethod(MethodInvocationHelper.java:141)
at org.testng.internal.invokers.TestInvoker.invokeMethod(TestInvoker.java:686)
at org.testng.internal.invokers.TestInvoker.retryFailed(TestInvoker.java:269)
at org.testng.internal.invokers.MethodRunner.runInSequence(MethodRunner.java:76)
at org.testng.internal.invokers.TestInvoker$MethodInvocationAgent.invoke(TestInvoker.java:992)
at org.testng.internal.invokers.TestInvoker.invokeTestMethods(TestInvoker.java:203)
at org.testng.internal.invokers.TestMethodWorker.invokeTestMethods(TestMethodWorker.java:154)
at org.testng.internal.invokers.TestMethodWorker.run(TestMethodWorker.java:134)
at java.base/java.util.ArrayList.forEach(ArrayList.java:1511)
at org.testng.TestRunner.privateRun(TestRunner.java:739)
at org.testng.TestRunner.run(TestRunner.java:614)
at org.testng.SuiteRunner.runTest(SuiteRunner.java:421)
at org.testng.SuiteRunner.runSequentially(SuiteRunner.java:413)
at org.testng.SuiteRunner.privateRun(SuiteRunner.java:373)
at org.testng.SuiteRunner.run(SuiteRunner.java:312)
at org.testng.SuiteRunnerWorker.runSuite(SuiteRunnerWorker.java:52)
at org.testng.SuiteRunnerWorker.run(SuiteRunnerWorker.java:95)
at org.testng.TestNG.runSuitesSequentially(TestNG.java:1274)
at org.testng.TestNG.runSuitesLocally(TestNG.java:1208)
at org.testng.TestNG.runSuites(TestNG.java:1112)
at org.testng.TestNG.run(TestNG.java:1079)
at org.testng.remote.AbstractRemoteTestNG.run(AbstractRemoteTestNG.java:115)
at org.testng.remote.RemoteTestNG.initAndRun(RemoteTestNG.java:293)
at org.testng.remote.RemoteTestNG.main(RemoteTestNG.java:91)
]]>
            </full-stacktrace>
          </exception> <!-- java.lang.AssertionError -->
          <reporter-output>
          </reporter-output>
        </test-method> <!-- LoginErrorValidation -->
        <test-method is-config="true" signature="tearDown()[pri:0, instance:Selenium.test.errorValidationTest@16c069df]" started-at="2025-01-02T23:06:08 IST" name="tearDown" finished-at="2025-01-02T23:06:08 IST" duration-ms="242" status="PASS">
          <reporter-output>
          </reporter-output>
        </test-method> <!-- tearDown -->
        <test-method is-config="true" signature="launchApplication()[pri:0, instance:Selenium.test.errorValidationTest@16c069df]" started-at="2025-01-02T23:06:08 IST" name="launchApplication" finished-at="2025-01-02T23:06:13 IST" duration-ms="4666" status="PASS">
          <reporter-output>
          </reporter-output>
        </test-method> <!-- launchApplication -->
        <test-method signature="ProductErrorValidation()[pri:0, instance:Selenium.test.errorValidationTest@16c069df]" started-at="2025-01-02T23:06:13 IST" name="ProductErrorValidation" finished-at="2025-01-02T23:06:19 IST" duration-ms="5687" status="PASS">
          <reporter-output>
          </reporter-output>
        </test-method> <!-- ProductErrorValidation -->
        <test-method is-config="true" signature="tearDown()[pri:0, instance:Selenium.test.errorValidationTest@16c069df]" started-at="2025-01-02T23:06:19 IST" name="tearDown" finished-at="2025-01-02T23:06:19 IST" duration-ms="210" status="PASS">
          <reporter-output>
          </reporter-output>
        </test-method> <!-- tearDown -->
      </class> <!-- Selenium.test.errorValidationTest -->
    </test> <!-- errorValidationTest -->
    <test started-at="2025-01-02T23:06:20 IST" name="submitOrderTest" finished-at="2025-01-02T23:07:04 IST" duration-ms="44639">
      <class name="Selenium.test.submitOrderTest">
        <test-method is-config="true" signature="launchApplication()[pri:0, instance:Selenium.test.submitOrderTest@2a3888c1]" started-at="2025-01-02T23:06:20 IST" name="launchApplication" finished-at="2025-01-02T23:06:26 IST" duration-ms="5829" status="PASS">
          <reporter-output>
          </reporter-output>
        </test-method> <!-- launchApplication -->
        <test-method signature="SubmitOrder(java.util.HashMap)[pri:0, instance:Selenium.test.submitOrderTest@2a3888c1]" started-at="2025-01-02T23:06:26 IST" name="SubmitOrder" data-provider="getData" finished-at="2025-01-02T23:06:31 IST" duration-ms="5568" status="PASS">
          <params>
            <param index="0">
              <value>
                <![CDATA[{name=roushan@gmail.com, password=Roushan@123, item=ADIDAS ORIGINAL}]]>
              </value>
            </param>
          </params>
          <reporter-output>
          </reporter-output>
        </test-method> <!-- SubmitOrder -->
        <test-method is-config="true" signature="tearDown()[pri:0, instance:Selenium.test.submitOrderTest@2a3888c1]" started-at="2025-01-02T23:06:31 IST" name="tearDown" finished-at="2025-01-02T23:06:33 IST" duration-ms="1187" status="PASS">
          <reporter-output>
          </reporter-output>
        </test-method> <!-- tearDown -->
        <test-method is-config="true" signature="launchApplication()[pri:0, instance:Selenium.test.submitOrderTest@2a3888c1]" started-at="2025-01-02T23:06:33 IST" name="launchApplication" finished-at="2025-01-02T23:06:41 IST" duration-ms="8859" status="PASS">
          <reporter-output>
          </reporter-output>
        </test-method> <!-- launchApplication -->
        <test-method signature="SubmitOrder(java.util.HashMap)[pri:0, instance:Selenium.test.submitOrderTest@2a3888c1]" started-at="2025-01-02T23:06:41 IST" name="SubmitOrder" data-provider="getData" finished-at="2025-01-02T23:06:47 IST" duration-ms="5763" status="PASS">
          <params>
            <param index="0">
              <value>
                <![CDATA[{name=roushankumar22145@gmail.com, password=Roushan@123, item=IPHONE 13 PRO}]]>
              </value>
            </param>
          </params>
          <reporter-output>
          </reporter-output>
        </test-method> <!-- SubmitOrder -->
        <test-method is-config="true" signature="tearDown()[pri:0, instance:Selenium.test.submitOrderTest@2a3888c1]" started-at="2025-01-02T23:06:47 IST" name="tearDown" finished-at="2025-01-02T23:06:48 IST" duration-ms="241" status="PASS">
          <reporter-output>
          </reporter-output>
        </test-method> <!-- tearDown -->
        <test-method is-config="true" signature="launchApplication()[pri:0, instance:Selenium.test.submitOrderTest@2a3888c1]" started-at="2025-01-02T23:06:48 IST" name="launchApplication" finished-at="2025-01-02T23:06:53 IST" duration-ms="5294" status="PASS">
          <reporter-output>
          </reporter-output>
        </test-method> <!-- launchApplication -->
        <test-method signature="varifyOrderDisplay(java.util.HashMap)[pri:0, instance:Selenium.test.submitOrderTest@2a3888c1]" started-at="2025-01-02T23:06:53 IST" name="varifyOrderDisplay" data-provider="getData" finished-at="2025-01-02T23:06:56 IST" depends-on-methods="Selenium.test.submitOrderTest.SubmitOrder" duration-ms="2672" status="PASS">
          <params>
            <param index="0">
              <value>
                <![CDATA[{name=roushan@gmail.com, password=Roushan@123, item=ADIDAS ORIGINAL}]]>
              </value>
            </param>
          </params>
          <reporter-output>
          </reporter-output>
        </test-method> <!-- varifyOrderDisplay -->
        <test-method is-config="true" signature="tearDown()[pri:0, instance:Selenium.test.submitOrderTest@2a3888c1]" started-at="2025-01-02T23:06:56 IST" name="tearDown" finished-at="2025-01-02T23:06:56 IST" duration-ms="212" status="PASS">
          <reporter-output>
          </reporter-output>
        </test-method> <!-- tearDown -->
        <test-method is-config="true" signature="launchApplication()[pri:0, instance:Selenium.test.submitOrderTest@2a3888c1]" started-at="2025-01-02T23:06:56 IST" name="launchApplication" finished-at="2025-01-02T23:07:01 IST" duration-ms="5005" status="PASS">
          <reporter-output>
          </reporter-output>
        </test-method> <!-- launchApplication -->
        <test-method signature="varifyOrderDisplay(java.util.HashMap)[pri:0, instance:Selenium.test.submitOrderTest@2a3888c1]" started-at="2025-01-02T23:07:01 IST" name="varifyOrderDisplay" data-provider="getData" finished-at="2025-01-02T23:07:04 IST" depends-on-methods="Selenium.test.submitOrderTest.SubmitOrder" duration-ms="2826" status="PASS">
          <params>
            <param index="0">
              <value>
                <![CDATA[{name=roushankumar22145@gmail.com, password=Roushan@123, item=IPHONE 13 PRO}]]>
              </value>
            </param>
          </params>
          <reporter-output>
          </reporter-output>
        </test-method> <!-- varifyOrderDisplay -->
        <test-method is-config="true" signature="tearDown()[pri:0, instance:Selenium.test.submitOrderTest@2a3888c1]" started-at="2025-01-02T23:07:04 IST" name="tearDown" finished-at="2025-01-02T23:07:04 IST" duration-ms="209" status="PASS">
          <reporter-output>
          </reporter-output>
        </test-method> <!-- tearDown -->
      </class> <!-- Selenium.test.submitOrderTest -->
    </test> <!-- submitOrderTest -->
  </suite> <!-- Suite -->
</testng-results>
