<?xml version="1.0" encoding="UTF-8"?>
<!-- Generated by org.testng.reporters.JUnitXMLReporter -->
<testsuite ignored="0" hostname="Roushan" failures="1" tests="4" name="errorValidationTest" time="33.818" errors="0" timestamp="2025-01-02T23:06:20 IST">
  <testcase classname="Selenium.test.errorValidationTest" name="LoginErrorValidation" time="0.754">
    <skipped/>
  </testcase> <!-- LoginErrorValidation -->
  <testcase classname="Selenium.test.errorValidationTest" name="LoginErrorValidation" time="1.548">
    <skipped/>
  </testcase> <!-- LoginErrorValidation -->
  <testcase classname="Selenium.test.errorValidationTest" name="LoginErrorValidation" time="0.965">
    <failure type="java.lang.AssertionError" message="expected [Incorrect email or password.] but found [Incorrect email or password.tttttt]">
      <![CDATA[java.lang.AssertionError: expected [Incorrect email or password.] but found [Incorrect email or password.tttttt]
at Selenium.test.errorValidationTest.LoginErrorValidation(errorValidationTest.java:24)
at java.base/java.util.ArrayList.forEach(ArrayList.java:1511)
... Removed 31 stack frames]]>
    </failure>
  </testcase> <!-- LoginErrorValidation -->
  <testcase classname="Selenium.test.errorValidationTest" name="ProductErrorValidation" time="5.687"/>
</testsuite> <!-- errorValidationTest -->
