<?xml version="1.0" encoding="UTF-8"?>
<!-- Generated by org.testng.reporters.JUnitXMLReporter -->
<testsuite ignored="0" hostname="Roushan" failures="0" tests="1" name="Chrome Windows 10" time="2.562" errors="0" timestamp="2025-03-11T01:53:18 IST">
  <testcase classname="Practice.LambdaTestAutomation" name="@BeforeClass setUp" time="2.5">
    <failure type="org.openqa.selenium.SessionNotCreatedException" message="Could not start a new session. Response code 401. Message: Unauthorized, either Username or AccessKey is invalid. 
Host info: host: &amp;apos;ROUSHAN&amp;apos;, ip: &amp;apos;192.168.136.98&amp;apos;
Build info: version: &amp;apos;4.10.0&amp;apos;, revision: &amp;apos;c14d967899&amp;apos;
System info: os.name: &amp;apos;Windows 11&amp;apos;, os.arch: &amp;apos;amd64&amp;apos;, os.version: &amp;apos;10.0&amp;apos;, java.version: &amp;apos;21.0.5&amp;apos;
Driver info: org.openqa.selenium.remote.RemoteWebDriver
Command: [null, newSession {capabilities=[Capabilities {LT:Options: {build: LambdaTest Build 1, name: LambdaTestAutomation, platformName: Windows 10}, browserName: chrome, browserVersion: latest, goog:chromeOptions: {args: [--remote-allow-origins=*], extensions: []}}]}]
Capabilities {LT:Options: {build: LambdaTest Build 1, name: LambdaTestAutomation, platformName: Windows 10}, browserName: chrome, browserVersion: latest, goog:chromeOptions: {args: [--remote-allow-origins=*], extensions: []}}">
      <![CDATA[org.openqa.selenium.SessionNotCreatedException: Could not start a new session. Response code 401. Message: Unauthorized, either Username or AccessKey is invalid. 
Host info: host: 'ROUSHAN', ip: '192.168.136.98'
Build info: version: '4.10.0', revision: 'c14d967899'
System info: os.name: 'Windows 11', os.arch: 'amd64', os.version: '10.0', java.version: '21.0.5'
Driver info: org.openqa.selenium.remote.RemoteWebDriver
Command: [null, newSession {capabilities=[Capabilities {LT:Options: {build: LambdaTest Build 1, name: LambdaTestAutomation, platformName: Windows 10}, browserName: chrome, browserVersion: latest, goog:chromeOptions: {args: [--remote-allow-origins=*], extensions: []}}]}]
Capabilities {LT:Options: {build: LambdaTest Build 1, name: LambdaTestAutomation, platformName: Windows 10}, browserName: chrome, browserVersion: latest, goog:chromeOptions: {args: [--remote-allow-origins=*], extensions: []}}
at org.openqa.selenium.remote.ProtocolHandshake.createSession(ProtocolHandshake.java:140)
at org.openqa.selenium.remote.ProtocolHandshake.createSession(ProtocolHandshake.java:96)
at org.openqa.selenium.remote.ProtocolHandshake.createSession(ProtocolHandshake.java:68)
at org.openqa.selenium.remote.HttpCommandExecutor.execute(HttpCommandExecutor.java:163)
at org.openqa.selenium.remote.TracedCommandExecutor.execute(TracedCommandExecutor.java:51)
at org.openqa.selenium.remote.RemoteWebDriver.execute(RemoteWebDriver.java:531)
at org.openqa.selenium.remote.RemoteWebDriver.startSession(RemoteWebDriver.java:227)
at org.openqa.selenium.remote.RemoteWebDriver.<init>(RemoteWebDriver.java:154)
at org.openqa.selenium.remote.RemoteWebDriver.<init>(RemoteWebDriver.java:134)
at Practice.LambdaTestAutomation.setUp(LambdaTestAutomation.java:41)
at java.base/java.util.ArrayList.forEach(ArrayList.java:1596)
at java.base/java.util.concurrent.FutureTask.run(FutureTask.java:317)
at java.base/java.util.concurrent.ThreadPoolExecutor.runWorker(ThreadPoolExecutor.java:1144)
at java.base/java.util.concurrent.ThreadPoolExecutor$Worker.run(ThreadPoolExecutor.java:642)
at java.base/java.lang.Thread.run(Thread.java:1583)
... Removed 14 stack frames]]>
    </failure>
  </testcase> <!-- @BeforeClass setUp -->
  <testcase classname="Practice.LambdaTestAutomation" name="@BeforeClass setUp" time="2.5">
    <failure type="org.openqa.selenium.SessionNotCreatedException" message="Could not start a new session. Response code 401. Message: Unauthorized, either Username or AccessKey is invalid. 
Host info: host: &amp;apos;ROUSHAN&amp;apos;, ip: &amp;apos;192.168.136.98&amp;apos;
Build info: version: &amp;apos;4.10.0&amp;apos;, revision: &amp;apos;c14d967899&amp;apos;
System info: os.name: &amp;apos;Windows 11&amp;apos;, os.arch: &amp;apos;amd64&amp;apos;, os.version: &amp;apos;10.0&amp;apos;, java.version: &amp;apos;21.0.5&amp;apos;
Driver info: org.openqa.selenium.remote.RemoteWebDriver
Command: [null, newSession {capabilities=[Capabilities {LT:Options: {build: LambdaTest Build 1, name: LambdaTestAutomation, platformName: macOS Ventura}, browserName: MicrosoftEdge, browserVersion: latest, goog:chromeOptions: {args: [--remote-allow-origins=*], extensions: []}}]}]
Capabilities {LT:Options: {build: LambdaTest Build 1, name: LambdaTestAutomation, platformName: macOS Ventura}, browserName: MicrosoftEdge, browserVersion: latest, goog:chromeOptions: {args: [--remote-allow-origins=*], extensions: []}}">
      <![CDATA[org.openqa.selenium.SessionNotCreatedException: Could not start a new session. Response code 401. Message: Unauthorized, either Username or AccessKey is invalid. 
Host info: host: 'ROUSHAN', ip: '192.168.136.98'
Build info: version: '4.10.0', revision: 'c14d967899'
System info: os.name: 'Windows 11', os.arch: 'amd64', os.version: '10.0', java.version: '21.0.5'
Driver info: org.openqa.selenium.remote.RemoteWebDriver
Command: [null, newSession {capabilities=[Capabilities {LT:Options: {build: LambdaTest Build 1, name: LambdaTestAutomation, platformName: macOS Ventura}, browserName: MicrosoftEdge, browserVersion: latest, goog:chromeOptions: {args: [--remote-allow-origins=*], extensions: []}}]}]
Capabilities {LT:Options: {build: LambdaTest Build 1, name: LambdaTestAutomation, platformName: macOS Ventura}, browserName: MicrosoftEdge, browserVersion: latest, goog:chromeOptions: {args: [--remote-allow-origins=*], extensions: []}}
at org.openqa.selenium.remote.ProtocolHandshake.createSession(ProtocolHandshake.java:140)
at org.openqa.selenium.remote.ProtocolHandshake.createSession(ProtocolHandshake.java:96)
at org.openqa.selenium.remote.ProtocolHandshake.createSession(ProtocolHandshake.java:68)
at org.openqa.selenium.remote.HttpCommandExecutor.execute(HttpCommandExecutor.java:163)
at org.openqa.selenium.remote.TracedCommandExecutor.execute(TracedCommandExecutor.java:51)
at org.openqa.selenium.remote.RemoteWebDriver.execute(RemoteWebDriver.java:531)
at org.openqa.selenium.remote.RemoteWebDriver.startSession(RemoteWebDriver.java:227)
at org.openqa.selenium.remote.RemoteWebDriver.<init>(RemoteWebDriver.java:154)
at org.openqa.selenium.remote.RemoteWebDriver.<init>(RemoteWebDriver.java:134)
at Practice.LambdaTestAutomation.setUp(LambdaTestAutomation.java:41)
at java.base/java.util.ArrayList.forEach(ArrayList.java:1596)
at java.base/java.util.concurrent.FutureTask.run(FutureTask.java:317)
at java.base/java.util.concurrent.ThreadPoolExecutor.runWorker(ThreadPoolExecutor.java:1144)
at java.base/java.util.concurrent.ThreadPoolExecutor$Worker.run(ThreadPoolExecutor.java:642)
at java.base/java.lang.Thread.run(Thread.java:1583)
... Removed 14 stack frames]]>
    </failure>
  </testcase> <!-- @BeforeClass setUp -->
  <testcase classname="Practice.LambdaTestAutomation" name="@AfterClass tearDown" time="-1.741638198423E9">
    <skipped/>
  </testcase> <!-- @AfterClass tearDown -->
  <testcase classname="Practice.LambdaTestAutomation" name="@AfterClass tearDown" time="-1.741638198423E9">
    <skipped/>
  </testcase> <!-- @AfterClass tearDown -->
  <testcase classname="Practice.LambdaTestAutomation" name="testLambdaTestScenario" time="0.0">
    <skipped/>
  </testcase> <!-- testLambdaTestScenario -->
</testsuite> <!-- Chrome Windows 10 -->
